{"total": {"lines":{"total":72,"covered":46,"skipped":0,"pct":63.89},"statements":{"total":72,"covered":46,"skipped":0,"pct":63.89},"functions":{"total":13,"covered":0,"skipped":0,"pct":0},"branches":{"total":0,"covered":0,"skipped":0,"pct":100}}
,"P:\\ellie-emu\\js\\nellie.js\\src\\nellie\\mos6502.js": {"lines":{"total":25,"covered":4,"skipped":0,"pct":16},"functions":{"total":0,"covered":0,"skipped":0,"pct":100},"statements":{"total":25,"covered":4,"skipped":0,"pct":16},"branches":{"total":0,"covered":0,"skipped":0,"pct":100}}
,"P:\\ellie-emu\\js\\nellie.js\\src\\nellie\\mos6502\\modes.js": {"lines":{"total":2,"covered":2,"skipped":0,"pct":100},"functions":{"total":0,"covered":0,"skipped":0,"pct":100},"statements":{"total":2,"covered":2,"skipped":0,"pct":100},"branches":{"total":0,"covered":0,"skipped":0,"pct":100}}
,"P:\\ellie-emu\\js\\nellie.js\\src\\nellie\\mos6502\\operations.js": {"lines":{"total":2,"covered":1,"skipped":0,"pct":50},"functions":{"total":0,"covered":0,"skipped":0,"pct":100},"statements":{"total":2,"covered":1,"skipped":0,"pct":50},"branches":{"total":0,"covered":0,"skipped":0,"pct":100}}
,"P:\\ellie-emu\\js\\nellie.js\\src\\nellie\\mos6502\\modes\\absolute.js": {"lines":{"total":3,"covered":3,"skipped":0,"pct":100},"functions":{"total":1,"covered":0,"skipped":0,"pct":0},"statements":{"total":3,"covered":3,"skipped":0,"pct":100},"branches":{"total":0,"covered":0,"skipped":0,"pct":100}}
,"P:\\ellie-emu\\js\\nellie.js\\src\\nellie\\mos6502\\modes\\absolute_x.js": {"lines":{"total":3,"covered":3,"skipped":0,"pct":100},"functions":{"total":1,"covered":0,"skipped":0,"pct":0},"statements":{"total":3,"covered":3,"skipped":0,"pct":100},"branches":{"total":0,"covered":0,"skipped":0,"pct":100}}
,"P:\\ellie-emu\\js\\nellie.js\\src\\nellie\\mos6502\\modes\\absolute_y.js": {"lines":{"total":3,"covered":3,"skipped":0,"pct":100},"functions":{"total":1,"covered":0,"skipped":0,"pct":0},"statements":{"total":3,"covered":3,"skipped":0,"pct":100},"branches":{"total":0,"covered":0,"skipped":0,"pct":100}}
,"P:\\ellie-emu\\js\\nellie.js\\src\\nellie\\mos6502\\modes\\accumulator.js": {"lines":{"total":7,"covered":3,"skipped":0,"pct":42.86},"functions":{"total":2,"covered":0,"skipped":0,"pct":0},"statements":{"total":7,"covered":3,"skipped":0,"pct":42.86},"branches":{"total":0,"covered":0,"skipped":0,"pct":100}}
,"P:\\ellie-emu\\js\\nellie.js\\src\\nellie\\mos6502\\modes\\immediate.js": {"lines":{"total":3,"covered":3,"skipped":0,"pct":100},"functions":{"total":1,"covered":0,"skipped":0,"pct":0},"statements":{"total":3,"covered":3,"skipped":0,"pct":100},"branches":{"total":0,"covered":0,"skipped":0,"pct":100}}
,"P:\\ellie-emu\\js\\nellie.js\\src\\nellie\\mos6502\\modes\\implied.js": {"lines":{"total":3,"covered":3,"skipped":0,"pct":100},"functions":{"total":0,"covered":0,"skipped":0,"pct":100},"statements":{"total":3,"covered":3,"skipped":0,"pct":100},"branches":{"total":0,"covered":0,"skipped":0,"pct":100}}
,"P:\\ellie-emu\\js\\nellie.js\\src\\nellie\\mos6502\\modes\\indirect.js": {"lines":{"total":3,"covered":3,"skipped":0,"pct":100},"functions":{"total":1,"covered":0,"skipped":0,"pct":0},"statements":{"total":3,"covered":3,"skipped":0,"pct":100},"branches":{"total":0,"covered":0,"skipped":0,"pct":100}}
,"P:\\ellie-emu\\js\\nellie.js\\src\\nellie\\mos6502\\modes\\indirect_x.js": {"lines":{"total":3,"covered":3,"skipped":0,"pct":100},"functions":{"total":1,"covered":0,"skipped":0,"pct":0},"statements":{"total":3,"covered":3,"skipped":0,"pct":100},"branches":{"total":0,"covered":0,"skipped":0,"pct":100}}
,"P:\\ellie-emu\\js\\nellie.js\\src\\nellie\\mos6502\\modes\\indirect_y.js": {"lines":{"total":3,"covered":3,"skipped":0,"pct":100},"functions":{"total":1,"covered":0,"skipped":0,"pct":0},"statements":{"total":3,"covered":3,"skipped":0,"pct":100},"branches":{"total":0,"covered":0,"skipped":0,"pct":100}}
,"P:\\ellie-emu\\js\\nellie.js\\src\\nellie\\mos6502\\modes\\relative.js": {"lines":{"total":3,"covered":3,"skipped":0,"pct":100},"functions":{"total":1,"covered":0,"skipped":0,"pct":0},"statements":{"total":3,"covered":3,"skipped":0,"pct":100},"branches":{"total":0,"covered":0,"skipped":0,"pct":100}}
,"P:\\ellie-emu\\js\\nellie.js\\src\\nellie\\mos6502\\modes\\zero_page.js": {"lines":{"total":3,"covered":3,"skipped":0,"pct":100},"functions":{"total":1,"covered":0,"skipped":0,"pct":0},"statements":{"total":3,"covered":3,"skipped":0,"pct":100},"branches":{"total":0,"covered":0,"skipped":0,"pct":100}}
,"P:\\ellie-emu\\js\\nellie.js\\src\\nellie\\mos6502\\modes\\zero_page_x.js": {"lines":{"total":3,"covered":3,"skipped":0,"pct":100},"functions":{"total":1,"covered":0,"skipped":0,"pct":0},"statements":{"total":3,"covered":3,"skipped":0,"pct":100},"branches":{"total":0,"covered":0,"skipped":0,"pct":100}}
,"P:\\ellie-emu\\js\\nellie.js\\src\\nellie\\mos6502\\modes\\zero_page_y.js": {"lines":{"total":3,"covered":3,"skipped":0,"pct":100},"functions":{"total":1,"covered":0,"skipped":0,"pct":0},"statements":{"total":3,"covered":3,"skipped":0,"pct":100},"branches":{"total":0,"covered":0,"skipped":0,"pct":100}}
}
