{"total": {"lines":{"total":615,"covered":445,"skipped":0,"pct":72.36},"statements":{"total":615,"covered":445,"skipped":0,"pct":72.36},"functions":{"total":69,"covered":1,"skipped":0,"pct":1.45},"branches":{"total":0,"covered":0,"skipped":0,"pct":100}}
,"P:\\ellie-emu\\js\\nellie.js\\src\\nellie\\mos6502.js": {"lines":{"total":25,"covered":25,"skipped":0,"pct":100},"functions":{"total":0,"covered":0,"skipped":0,"pct":100},"statements":{"total":25,"covered":25,"skipped":0,"pct":100},"branches":{"total":0,"covered":0,"skipped":0,"pct":100}}
,"P:\\ellie-emu\\js\\nellie.js\\src\\nellie\\mos6502\\modes.js": {"lines":{"total":2,"covered":2,"skipped":0,"pct":100},"functions":{"total":0,"covered":0,"skipped":0,"pct":100},"statements":{"total":2,"covered":2,"skipped":0,"pct":100},"branches":{"total":0,"covered":0,"skipped":0,"pct":100}}
,"P:\\ellie-emu\\js\\nellie.js\\src\\nellie\\mos6502\\opcodes.js": {"lines":{"total":2,"covered":2,"skipped":0,"pct":100},"functions":{"total":0,"covered":0,"skipped":0,"pct":100},"statements":{"total":2,"covered":2,"skipped":0,"pct":100},"branches":{"total":0,"covered":0,"skipped":0,"pct":100}}
,"P:\\ellie-emu\\js\\nellie.js\\src\\nellie\\mos6502\\modes\\absolute.js": {"lines":{"total":3,"covered":3,"skipped":0,"pct":100},"functions":{"total":1,"covered":0,"skipped":0,"pct":0},"statements":{"total":3,"covered":3,"skipped":0,"pct":100},"branches":{"total":0,"covered":0,"skipped":0,"pct":100}}
,"P:\\ellie-emu\\js\\nellie.js\\src\\nellie\\mos6502\\modes\\absolute_x.js": {"lines":{"total":3,"covered":3,"skipped":0,"pct":100},"functions":{"total":1,"covered":0,"skipped":0,"pct":0},"statements":{"total":3,"covered":3,"skipped":0,"pct":100},"branches":{"total":0,"covered":0,"skipped":0,"pct":100}}
,"P:\\ellie-emu\\js\\nellie.js\\src\\nellie\\mos6502\\modes\\absolute_y.js": {"lines":{"total":3,"covered":3,"skipped":0,"pct":100},"functions":{"total":1,"covered":0,"skipped":0,"pct":0},"statements":{"total":3,"covered":3,"skipped":0,"pct":100},"branches":{"total":0,"covered":0,"skipped":0,"pct":100}}
,"P:\\ellie-emu\\js\\nellie.js\\src\\nellie\\mos6502\\modes\\accumulator.js": {"lines":{"total":7,"covered":5,"skipped":0,"pct":71.43},"functions":{"total":2,"covered":1,"skipped":0,"pct":50},"statements":{"total":7,"covered":5,"skipped":0,"pct":71.43},"branches":{"total":0,"covered":0,"skipped":0,"pct":100}}
,"P:\\ellie-emu\\js\\nellie.js\\src\\nellie\\mos6502\\modes\\immediate.js": {"lines":{"total":3,"covered":3,"skipped":0,"pct":100},"functions":{"total":1,"covered":0,"skipped":0,"pct":0},"statements":{"total":3,"covered":3,"skipped":0,"pct":100},"branches":{"total":0,"covered":0,"skipped":0,"pct":100}}
,"P:\\ellie-emu\\js\\nellie.js\\src\\nellie\\mos6502\\modes\\implied.js": {"lines":{"total":3,"covered":3,"skipped":0,"pct":100},"functions":{"total":0,"covered":0,"skipped":0,"pct":100},"statements":{"total":3,"covered":3,"skipped":0,"pct":100},"branches":{"total":0,"covered":0,"skipped":0,"pct":100}}
,"P:\\ellie-emu\\js\\nellie.js\\src\\nellie\\mos6502\\modes\\indirect.js": {"lines":{"total":3,"covered":3,"skipped":0,"pct":100},"functions":{"total":1,"covered":0,"skipped":0,"pct":0},"statements":{"total":3,"covered":3,"skipped":0,"pct":100},"branches":{"total":0,"covered":0,"skipped":0,"pct":100}}
,"P:\\ellie-emu\\js\\nellie.js\\src\\nellie\\mos6502\\modes\\indirect_x.js": {"lines":{"total":3,"covered":3,"skipped":0,"pct":100},"functions":{"total":1,"covered":0,"skipped":0,"pct":0},"statements":{"total":3,"covered":3,"skipped":0,"pct":100},"branches":{"total":0,"covered":0,"skipped":0,"pct":100}}
,"P:\\ellie-emu\\js\\nellie.js\\src\\nellie\\mos6502\\modes\\indirect_y.js": {"lines":{"total":3,"covered":3,"skipped":0,"pct":100},"functions":{"total":1,"covered":0,"skipped":0,"pct":0},"statements":{"total":3,"covered":3,"skipped":0,"pct":100},"branches":{"total":0,"covered":0,"skipped":0,"pct":100}}
,"P:\\ellie-emu\\js\\nellie.js\\src\\nellie\\mos6502\\modes\\relative.js": {"lines":{"total":3,"covered":3,"skipped":0,"pct":100},"functions":{"total":1,"covered":0,"skipped":0,"pct":0},"statements":{"total":3,"covered":3,"skipped":0,"pct":100},"branches":{"total":0,"covered":0,"skipped":0,"pct":100}}
,"P:\\ellie-emu\\js\\nellie.js\\src\\nellie\\mos6502\\modes\\zero_page.js": {"lines":{"total":3,"covered":3,"skipped":0,"pct":100},"functions":{"total":1,"covered":0,"skipped":0,"pct":0},"statements":{"total":3,"covered":3,"skipped":0,"pct":100},"branches":{"total":0,"covered":0,"skipped":0,"pct":100}}
,"P:\\ellie-emu\\js\\nellie.js\\src\\nellie\\mos6502\\modes\\zero_page_x.js": {"lines":{"total":3,"covered":3,"skipped":0,"pct":100},"functions":{"total":1,"covered":0,"skipped":0,"pct":0},"statements":{"total":3,"covered":3,"skipped":0,"pct":100},"branches":{"total":0,"covered":0,"skipped":0,"pct":100}}
,"P:\\ellie-emu\\js\\nellie.js\\src\\nellie\\mos6502\\modes\\zero_page_y.js": {"lines":{"total":3,"covered":3,"skipped":0,"pct":100},"functions":{"total":1,"covered":0,"skipped":0,"pct":0},"statements":{"total":3,"covered":3,"skipped":0,"pct":100},"branches":{"total":0,"covered":0,"skipped":0,"pct":100}}
,"P:\\ellie-emu\\js\\nellie.js\\src\\nellie\\mos6502\\opcodes\\ADC.js": {"lines":{"total":14,"covered":12,"skipped":0,"pct":85.71},"functions":{"total":1,"covered":0,"skipped":0,"pct":0},"statements":{"total":14,"covered":12,"skipped":0,"pct":85.71},"branches":{"total":0,"covered":0,"skipped":0,"pct":100}}
,"P:\\ellie-emu\\js\\nellie.js\\src\\nellie\\mos6502\\opcodes\\AND.js": {"lines":{"total":14,"covered":12,"skipped":0,"pct":85.71},"functions":{"total":1,"covered":0,"skipped":0,"pct":0},"statements":{"total":14,"covered":12,"skipped":0,"pct":85.71},"branches":{"total":0,"covered":0,"skipped":0,"pct":100}}
,"P:\\ellie-emu\\js\\nellie.js\\src\\nellie\\mos6502\\opcodes\\ASL.js": {"lines":{"total":16,"covered":9,"skipped":0,"pct":56.25},"functions":{"total":1,"covered":0,"skipped":0,"pct":0},"statements":{"total":16,"covered":9,"skipped":0,"pct":56.25},"branches":{"total":0,"covered":0,"skipped":0,"pct":100}}
,"P:\\ellie-emu\\js\\nellie.js\\src\\nellie\\mos6502\\opcodes\\BCC.js": {"lines":{"total":7,"covered":5,"skipped":0,"pct":71.43},"functions":{"total":1,"covered":0,"skipped":0,"pct":0},"statements":{"total":7,"covered":5,"skipped":0,"pct":71.43},"branches":{"total":0,"covered":0,"skipped":0,"pct":100}}
,"P:\\ellie-emu\\js\\nellie.js\\src\\nellie\\mos6502\\opcodes\\BCS.js": {"lines":{"total":7,"covered":5,"skipped":0,"pct":71.43},"functions":{"total":1,"covered":0,"skipped":0,"pct":0},"statements":{"total":7,"covered":5,"skipped":0,"pct":71.43},"branches":{"total":0,"covered":0,"skipped":0,"pct":100}}
,"P:\\ellie-emu\\js\\nellie.js\\src\\nellie\\mos6502\\opcodes\\BEQ.js": {"lines":{"total":7,"covered":5,"skipped":0,"pct":71.43},"functions":{"total":1,"covered":0,"skipped":0,"pct":0},"statements":{"total":7,"covered":5,"skipped":0,"pct":71.43},"branches":{"total":0,"covered":0,"skipped":0,"pct":100}}
,"P:\\ellie-emu\\js\\nellie.js\\src\\nellie\\mos6502\\opcodes\\BIT.js": {"lines":{"total":8,"covered":6,"skipped":0,"pct":75},"functions":{"total":1,"covered":0,"skipped":0,"pct":0},"statements":{"total":8,"covered":6,"skipped":0,"pct":75},"branches":{"total":0,"covered":0,"skipped":0,"pct":100}}
,"P:\\ellie-emu\\js\\nellie.js\\src\\nellie\\mos6502\\opcodes\\BMI.js": {"lines":{"total":7,"covered":5,"skipped":0,"pct":71.43},"functions":{"total":1,"covered":0,"skipped":0,"pct":0},"statements":{"total":7,"covered":5,"skipped":0,"pct":71.43},"branches":{"total":0,"covered":0,"skipped":0,"pct":100}}
,"P:\\ellie-emu\\js\\nellie.js\\src\\nellie\\mos6502\\opcodes\\BNE.js": {"lines":{"total":7,"covered":5,"skipped":0,"pct":71.43},"functions":{"total":1,"covered":0,"skipped":0,"pct":0},"statements":{"total":7,"covered":5,"skipped":0,"pct":71.43},"branches":{"total":0,"covered":0,"skipped":0,"pct":100}}
,"P:\\ellie-emu\\js\\nellie.js\\src\\nellie\\mos6502\\opcodes\\BPL.js": {"lines":{"total":7,"covered":5,"skipped":0,"pct":71.43},"functions":{"total":1,"covered":0,"skipped":0,"pct":0},"statements":{"total":7,"covered":5,"skipped":0,"pct":71.43},"branches":{"total":0,"covered":0,"skipped":0,"pct":100}}
,"P:\\ellie-emu\\js\\nellie.js\\src\\nellie\\mos6502\\opcodes\\BRK.js": {"lines":{"total":7,"covered":5,"skipped":0,"pct":71.43},"functions":{"total":1,"covered":0,"skipped":0,"pct":0},"statements":{"total":7,"covered":5,"skipped":0,"pct":71.43},"branches":{"total":0,"covered":0,"skipped":0,"pct":100}}
,"P:\\ellie-emu\\js\\nellie.js\\src\\nellie\\mos6502\\opcodes\\BVC.js": {"lines":{"total":7,"covered":5,"skipped":0,"pct":71.43},"functions":{"total":1,"covered":0,"skipped":0,"pct":0},"statements":{"total":7,"covered":5,"skipped":0,"pct":71.43},"branches":{"total":0,"covered":0,"skipped":0,"pct":100}}
,"P:\\ellie-emu\\js\\nellie.js\\src\\nellie\\mos6502\\opcodes\\BVS.js": {"lines":{"total":7,"covered":5,"skipped":0,"pct":71.43},"functions":{"total":1,"covered":0,"skipped":0,"pct":0},"statements":{"total":7,"covered":5,"skipped":0,"pct":71.43},"branches":{"total":0,"covered":0,"skipped":0,"pct":100}}
,"P:\\ellie-emu\\js\\nellie.js\\src\\nellie\\mos6502\\opcodes\\CLC.js": {"lines":{"total":8,"covered":5,"skipped":0,"pct":62.5},"functions":{"total":1,"covered":0,"skipped":0,"pct":0},"statements":{"total":8,"covered":5,"skipped":0,"pct":62.5},"branches":{"total":0,"covered":0,"skipped":0,"pct":100}}
,"P:\\ellie-emu\\js\\nellie.js\\src\\nellie\\mos6502\\opcodes\\CLD.js": {"lines":{"total":8,"covered":5,"skipped":0,"pct":62.5},"functions":{"total":1,"covered":0,"skipped":0,"pct":0},"statements":{"total":8,"covered":5,"skipped":0,"pct":62.5},"branches":{"total":0,"covered":0,"skipped":0,"pct":100}}
,"P:\\ellie-emu\\js\\nellie.js\\src\\nellie\\mos6502\\opcodes\\CLI.js": {"lines":{"total":8,"covered":5,"skipped":0,"pct":62.5},"functions":{"total":1,"covered":0,"skipped":0,"pct":0},"statements":{"total":8,"covered":5,"skipped":0,"pct":62.5},"branches":{"total":0,"covered":0,"skipped":0,"pct":100}}
,"P:\\ellie-emu\\js\\nellie.js\\src\\nellie\\mos6502\\opcodes\\CLV.js": {"lines":{"total":8,"covered":5,"skipped":0,"pct":62.5},"functions":{"total":1,"covered":0,"skipped":0,"pct":0},"statements":{"total":8,"covered":5,"skipped":0,"pct":62.5},"branches":{"total":0,"covered":0,"skipped":0,"pct":100}}
,"P:\\ellie-emu\\js\\nellie.js\\src\\nellie\\mos6502\\opcodes\\CMP.js": {"lines":{"total":14,"covered":12,"skipped":0,"pct":85.71},"functions":{"total":1,"covered":0,"skipped":0,"pct":0},"statements":{"total":14,"covered":12,"skipped":0,"pct":85.71},"branches":{"total":0,"covered":0,"skipped":0,"pct":100}}
,"P:\\ellie-emu\\js\\nellie.js\\src\\nellie\\mos6502\\opcodes\\CPX.js": {"lines":{"total":9,"covered":7,"skipped":0,"pct":77.78},"functions":{"total":1,"covered":0,"skipped":0,"pct":0},"statements":{"total":9,"covered":7,"skipped":0,"pct":77.78},"branches":{"total":0,"covered":0,"skipped":0,"pct":100}}
,"P:\\ellie-emu\\js\\nellie.js\\src\\nellie\\mos6502\\opcodes\\CPY.js": {"lines":{"total":9,"covered":7,"skipped":0,"pct":77.78},"functions":{"total":1,"covered":0,"skipped":0,"pct":0},"statements":{"total":9,"covered":7,"skipped":0,"pct":77.78},"branches":{"total":0,"covered":0,"skipped":0,"pct":100}}
,"P:\\ellie-emu\\js\\nellie.js\\src\\nellie\\mos6502\\opcodes\\DEC.js": {"lines":{"total":10,"covered":8,"skipped":0,"pct":80},"functions":{"total":1,"covered":0,"skipped":0,"pct":0},"statements":{"total":10,"covered":8,"skipped":0,"pct":80},"branches":{"total":0,"covered":0,"skipped":0,"pct":100}}
,"P:\\ellie-emu\\js\\nellie.js\\src\\nellie\\mos6502\\opcodes\\DEX.js": {"lines":{"total":10,"covered":5,"skipped":0,"pct":50},"functions":{"total":1,"covered":0,"skipped":0,"pct":0},"statements":{"total":10,"covered":5,"skipped":0,"pct":50},"branches":{"total":0,"covered":0,"skipped":0,"pct":100}}
,"P:\\ellie-emu\\js\\nellie.js\\src\\nellie\\mos6502\\opcodes\\DEY.js": {"lines":{"total":10,"covered":5,"skipped":0,"pct":50},"functions":{"total":1,"covered":0,"skipped":0,"pct":0},"statements":{"total":10,"covered":5,"skipped":0,"pct":50},"branches":{"total":0,"covered":0,"skipped":0,"pct":100}}
,"P:\\ellie-emu\\js\\nellie.js\\src\\nellie\\mos6502\\opcodes\\EOR.js": {"lines":{"total":14,"covered":12,"skipped":0,"pct":85.71},"functions":{"total":1,"covered":0,"skipped":0,"pct":0},"statements":{"total":14,"covered":12,"skipped":0,"pct":85.71},"branches":{"total":0,"covered":0,"skipped":0,"pct":100}}
,"P:\\ellie-emu\\js\\nellie.js\\src\\nellie\\mos6502\\opcodes\\INC.js": {"lines":{"total":10,"covered":8,"skipped":0,"pct":80},"functions":{"total":1,"covered":0,"skipped":0,"pct":0},"statements":{"total":10,"covered":8,"skipped":0,"pct":80},"branches":{"total":0,"covered":0,"skipped":0,"pct":100}}
,"P:\\ellie-emu\\js\\nellie.js\\src\\nellie\\mos6502\\opcodes\\INX.js": {"lines":{"total":10,"covered":5,"skipped":0,"pct":50},"functions":{"total":1,"covered":0,"skipped":0,"pct":0},"statements":{"total":10,"covered":5,"skipped":0,"pct":50},"branches":{"total":0,"covered":0,"skipped":0,"pct":100}}
,"P:\\ellie-emu\\js\\nellie.js\\src\\nellie\\mos6502\\opcodes\\INY.js": {"lines":{"total":10,"covered":5,"skipped":0,"pct":50},"functions":{"total":1,"covered":0,"skipped":0,"pct":0},"statements":{"total":10,"covered":5,"skipped":0,"pct":50},"branches":{"total":0,"covered":0,"skipped":0,"pct":100}}
,"P:\\ellie-emu\\js\\nellie.js\\src\\nellie\\mos6502\\opcodes\\JMP.js": {"lines":{"total":8,"covered":6,"skipped":0,"pct":75},"functions":{"total":1,"covered":0,"skipped":0,"pct":0},"statements":{"total":8,"covered":6,"skipped":0,"pct":75},"branches":{"total":0,"covered":0,"skipped":0,"pct":100}}
,"P:\\ellie-emu\\js\\nellie.js\\src\\nellie\\mos6502\\opcodes\\JSR.js": {"lines":{"total":7,"covered":5,"skipped":0,"pct":71.43},"functions":{"total":1,"covered":0,"skipped":0,"pct":0},"statements":{"total":7,"covered":5,"skipped":0,"pct":71.43},"branches":{"total":0,"covered":0,"skipped":0,"pct":100}}
,"P:\\ellie-emu\\js\\nellie.js\\src\\nellie\\mos6502\\opcodes\\LDA.js": {"lines":{"total":14,"covered":12,"skipped":0,"pct":85.71},"functions":{"total":1,"covered":0,"skipped":0,"pct":0},"statements":{"total":14,"covered":12,"skipped":0,"pct":85.71},"branches":{"total":0,"covered":0,"skipped":0,"pct":100}}
,"P:\\ellie-emu\\js\\nellie.js\\src\\nellie\\mos6502\\opcodes\\LDX.js": {"lines":{"total":11,"covered":9,"skipped":0,"pct":81.82},"functions":{"total":1,"covered":0,"skipped":0,"pct":0},"statements":{"total":11,"covered":9,"skipped":0,"pct":81.82},"branches":{"total":0,"covered":0,"skipped":0,"pct":100}}
,"P:\\ellie-emu\\js\\nellie.js\\src\\nellie\\mos6502\\opcodes\\LDY.js": {"lines":{"total":11,"covered":9,"skipped":0,"pct":81.82},"functions":{"total":1,"covered":0,"skipped":0,"pct":0},"statements":{"total":11,"covered":9,"skipped":0,"pct":81.82},"branches":{"total":0,"covered":0,"skipped":0,"pct":100}}
,"P:\\ellie-emu\\js\\nellie.js\\src\\nellie\\mos6502\\opcodes\\LSR.js": {"lines":{"total":17,"covered":9,"skipped":0,"pct":52.94},"functions":{"total":1,"covered":0,"skipped":0,"pct":0},"statements":{"total":17,"covered":9,"skipped":0,"pct":52.94},"branches":{"total":0,"covered":0,"skipped":0,"pct":100}}
,"P:\\ellie-emu\\js\\nellie.js\\src\\nellie\\mos6502\\opcodes\\NOP.js": {"lines":{"total":7,"covered":5,"skipped":0,"pct":71.43},"functions":{"total":1,"covered":0,"skipped":0,"pct":0},"statements":{"total":7,"covered":5,"skipped":0,"pct":71.43},"branches":{"total":0,"covered":0,"skipped":0,"pct":100}}
,"P:\\ellie-emu\\js\\nellie.js\\src\\nellie\\mos6502\\opcodes\\ORA.js": {"lines":{"total":14,"covered":12,"skipped":0,"pct":85.71},"functions":{"total":1,"covered":0,"skipped":0,"pct":0},"statements":{"total":14,"covered":12,"skipped":0,"pct":85.71},"branches":{"total":0,"covered":0,"skipped":0,"pct":100}}
,"P:\\ellie-emu\\js\\nellie.js\\src\\nellie\\mos6502\\opcodes\\PHA.js": {"lines":{"total":7,"covered":5,"skipped":0,"pct":71.43},"functions":{"total":1,"covered":0,"skipped":0,"pct":0},"statements":{"total":7,"covered":5,"skipped":0,"pct":71.43},"branches":{"total":0,"covered":0,"skipped":0,"pct":100}}
,"P:\\ellie-emu\\js\\nellie.js\\src\\nellie\\mos6502\\opcodes\\PHP.js": {"lines":{"total":7,"covered":5,"skipped":0,"pct":71.43},"functions":{"total":1,"covered":0,"skipped":0,"pct":0},"statements":{"total":7,"covered":5,"skipped":0,"pct":71.43},"branches":{"total":0,"covered":0,"skipped":0,"pct":100}}
,"P:\\ellie-emu\\js\\nellie.js\\src\\nellie\\mos6502\\opcodes\\PLA.js": {"lines":{"total":7,"covered":5,"skipped":0,"pct":71.43},"functions":{"total":1,"covered":0,"skipped":0,"pct":0},"statements":{"total":7,"covered":5,"skipped":0,"pct":71.43},"branches":{"total":0,"covered":0,"skipped":0,"pct":100}}
,"P:\\ellie-emu\\js\\nellie.js\\src\\nellie\\mos6502\\opcodes\\PLP.js": {"lines":{"total":7,"covered":5,"skipped":0,"pct":71.43},"functions":{"total":1,"covered":0,"skipped":0,"pct":0},"statements":{"total":7,"covered":5,"skipped":0,"pct":71.43},"branches":{"total":0,"covered":0,"skipped":0,"pct":100}}
,"P:\\ellie-emu\\js\\nellie.js\\src\\nellie\\mos6502\\opcodes\\ROL.js": {"lines":{"total":18,"covered":9,"skipped":0,"pct":50},"functions":{"total":1,"covered":0,"skipped":0,"pct":0},"statements":{"total":18,"covered":9,"skipped":0,"pct":50},"branches":{"total":0,"covered":0,"skipped":0,"pct":100}}
,"P:\\ellie-emu\\js\\nellie.js\\src\\nellie\\mos6502\\opcodes\\ROR.js": {"lines":{"total":18,"covered":9,"skipped":0,"pct":50},"functions":{"total":1,"covered":0,"skipped":0,"pct":0},"statements":{"total":18,"covered":9,"skipped":0,"pct":50},"branches":{"total":0,"covered":0,"skipped":0,"pct":100}}
,"P:\\ellie-emu\\js\\nellie.js\\src\\nellie\\mos6502\\opcodes\\RTI.js": {"lines":{"total":7,"covered":5,"skipped":0,"pct":71.43},"functions":{"total":1,"covered":0,"skipped":0,"pct":0},"statements":{"total":7,"covered":5,"skipped":0,"pct":71.43},"branches":{"total":0,"covered":0,"skipped":0,"pct":100}}
,"P:\\ellie-emu\\js\\nellie.js\\src\\nellie\\mos6502\\opcodes\\RTS.js": {"lines":{"total":7,"covered":5,"skipped":0,"pct":71.43},"functions":{"total":1,"covered":0,"skipped":0,"pct":0},"statements":{"total":7,"covered":5,"skipped":0,"pct":71.43},"branches":{"total":0,"covered":0,"skipped":0,"pct":100}}
,"P:\\ellie-emu\\js\\nellie.js\\src\\nellie\\mos6502\\opcodes\\SBC.js": {"lines":{"total":14,"covered":12,"skipped":0,"pct":85.71},"functions":{"total":1,"covered":0,"skipped":0,"pct":0},"statements":{"total":14,"covered":12,"skipped":0,"pct":85.71},"branches":{"total":0,"covered":0,"skipped":0,"pct":100}}
,"P:\\ellie-emu\\js\\nellie.js\\src\\nellie\\mos6502\\opcodes\\SEC.js": {"lines":{"total":8,"covered":5,"skipped":0,"pct":62.5},"functions":{"total":1,"covered":0,"skipped":0,"pct":0},"statements":{"total":8,"covered":5,"skipped":0,"pct":62.5},"branches":{"total":0,"covered":0,"skipped":0,"pct":100}}
,"P:\\ellie-emu\\js\\nellie.js\\src\\nellie\\mos6502\\opcodes\\SED.js": {"lines":{"total":8,"covered":5,"skipped":0,"pct":62.5},"functions":{"total":1,"covered":0,"skipped":0,"pct":0},"statements":{"total":8,"covered":5,"skipped":0,"pct":62.5},"branches":{"total":0,"covered":0,"skipped":0,"pct":100}}
,"P:\\ellie-emu\\js\\nellie.js\\src\\nellie\\mos6502\\opcodes\\SEI.js": {"lines":{"total":8,"covered":5,"skipped":0,"pct":62.5},"functions":{"total":1,"covered":0,"skipped":0,"pct":0},"statements":{"total":8,"covered":5,"skipped":0,"pct":62.5},"branches":{"total":0,"covered":0,"skipped":0,"pct":100}}
,"P:\\ellie-emu\\js\\nellie.js\\src\\nellie\\mos6502\\opcodes\\STA.js": {"lines":{"total":13,"covered":11,"skipped":0,"pct":84.62},"functions":{"total":1,"covered":0,"skipped":0,"pct":0},"statements":{"total":13,"covered":11,"skipped":0,"pct":84.62},"branches":{"total":0,"covered":0,"skipped":0,"pct":100}}
,"P:\\ellie-emu\\js\\nellie.js\\src\\nellie\\mos6502\\opcodes\\STX.js": {"lines":{"total":9,"covered":7,"skipped":0,"pct":77.78},"functions":{"total":1,"covered":0,"skipped":0,"pct":0},"statements":{"total":9,"covered":7,"skipped":0,"pct":77.78},"branches":{"total":0,"covered":0,"skipped":0,"pct":100}}
,"P:\\ellie-emu\\js\\nellie.js\\src\\nellie\\mos6502\\opcodes\\STY.js": {"lines":{"total":9,"covered":7,"skipped":0,"pct":77.78},"functions":{"total":1,"covered":0,"skipped":0,"pct":0},"statements":{"total":9,"covered":7,"skipped":0,"pct":77.78},"branches":{"total":0,"covered":0,"skipped":0,"pct":100}}
,"P:\\ellie-emu\\js\\nellie.js\\src\\nellie\\mos6502\\opcodes\\TAX.js": {"lines":{"total":10,"covered":5,"skipped":0,"pct":50},"functions":{"total":1,"covered":0,"skipped":0,"pct":0},"statements":{"total":10,"covered":5,"skipped":0,"pct":50},"branches":{"total":0,"covered":0,"skipped":0,"pct":100}}
,"P:\\ellie-emu\\js\\nellie.js\\src\\nellie\\mos6502\\opcodes\\TAY.js": {"lines":{"total":10,"covered":5,"skipped":0,"pct":50},"functions":{"total":1,"covered":0,"skipped":0,"pct":0},"statements":{"total":10,"covered":5,"skipped":0,"pct":50},"branches":{"total":0,"covered":0,"skipped":0,"pct":100}}
,"P:\\ellie-emu\\js\\nellie.js\\src\\nellie\\mos6502\\opcodes\\TSX.js": {"lines":{"total":7,"covered":5,"skipped":0,"pct":71.43},"functions":{"total":1,"covered":0,"skipped":0,"pct":0},"statements":{"total":7,"covered":5,"skipped":0,"pct":71.43},"branches":{"total":0,"covered":0,"skipped":0,"pct":100}}
,"P:\\ellie-emu\\js\\nellie.js\\src\\nellie\\mos6502\\opcodes\\TXA.js": {"lines":{"total":10,"covered":5,"skipped":0,"pct":50},"functions":{"total":1,"covered":0,"skipped":0,"pct":0},"statements":{"total":10,"covered":5,"skipped":0,"pct":50},"branches":{"total":0,"covered":0,"skipped":0,"pct":100}}
,"P:\\ellie-emu\\js\\nellie.js\\src\\nellie\\mos6502\\opcodes\\TXS.js": {"lines":{"total":7,"covered":5,"skipped":0,"pct":71.43},"functions":{"total":1,"covered":0,"skipped":0,"pct":0},"statements":{"total":7,"covered":5,"skipped":0,"pct":71.43},"branches":{"total":0,"covered":0,"skipped":0,"pct":100}}
,"P:\\ellie-emu\\js\\nellie.js\\src\\nellie\\mos6502\\opcodes\\TYA.js": {"lines":{"total":10,"covered":5,"skipped":0,"pct":50},"functions":{"total":1,"covered":0,"skipped":0,"pct":0},"statements":{"total":10,"covered":5,"skipped":0,"pct":50},"branches":{"total":0,"covered":0,"skipped":0,"pct":100}}
}
